<?xml version="1.0" encoding="UTF-8"?>
<testsuite name="com.example.android.tasklinkedlist.ExampleUnitTest" tests="1" skipped="0" failures="0" errors="0" timestamp="2024-02-05T21:50:09" hostname="DESKTOP-IKE" time="0.001">
  <properties/>
  <testcase name="addition_isCorrect" classname="com.example.android.tasklinkedlist.ExampleUnitTest" time="0.001"/>
  <system-out><![CDATA[]]></system-out>
  <system-err><![CDATA[]]></system-err>
</testsuite>
